<?xml version="1.0" encoding="UTF-8"?>
<!-- Generated by org.testng.reporters.JUnitReportReporter -->
<testsuite skipped="0" hostname="CBT-MH-000" name="Trends" tests="1" failures="0" timestamp="16 Oct 2019 04:37:55 GMT" time="7.162" errors="0">
  <testcase name="updatetweets" time="7.162" classname="Trends"/>
</testsuite> <!-- Trends -->
