<?xml version="1.0" encoding="UTF-8"?>
<!-- Generated by org.testng.reporters.JUnitReportReporter -->
<testsuite skipped="0" hostname="CBT-MH-000" name="retweett" tests="1" failures="0" timestamp="16 Oct 2019 04:32:35 GMT" time="4.840" errors="0">
  <testcase name="tweet" time="4.840" classname="retweett"/>
</testsuite> <!-- retweett -->
