<?xml version="1.0" encoding="UTF-8"?>
<!-- Generated by org.testng.reporters.JUnitReportReporter -->
<testsuite skipped="0" hostname="CBT-MH-000" name="TWeet" tests="1" failures="0" timestamp="16 Oct 2019 04:31:41 GMT" time="5.574" errors="0">
  <testcase name="apis" time="5.574" classname="TWeet"/>
</testsuite> <!-- TWeet -->
