<?xml version="1.0" encoding="UTF-8"?>
<!-- Generated by org.testng.reporters.JUnitReportReporter -->
<testsuite skipped="0" hostname="CBT-MH-000" name="postapis" tests="1" failures="0" timestamp="11 Oct 2019 04:06:03 GMT" time="4.523" errors="0">
  <testcase name="apispost" time="4.523" classname="postapis"/>
</testsuite> <!-- postapis -->
