<?xml version="1.0" encoding="UTF-8"?>
<!-- Generated by org.testng.reporters.JUnitReportReporter -->
<testsuite skipped="0" hostname="CBT-MH-000" name="second" tests="1" failures="0" timestamp="1 Oct 2019 04:37:24 GMT" time="4.830" errors="0">
  <testcase name="APple" time="4.830" classname="second"/>
</testsuite> <!-- second -->
