<?xml version="1.0" encoding="UTF-8"?>
<!-- Generated by org.testng.reporters.JUnitReportReporter -->
<testsuite skipped="0" hostname="CBT-MH-000" name="first" tests="1" failures="0" timestamp="27 Sep 2019 08:27:59 GMT" time="4.357" errors="0">
  <testcase name="Apitst" time="4.357" classname="first"/>
</testsuite> <!-- first -->
